\BOOKMARK [0][-]{chapter*.3}{\376\377\006\101\006\107\006\061\006\063\006\052\000\040\006\052\006\065\006\047\006\110\006\314\006\061}{}% 1
\BOOKMARK [0][-]{chapter.1}{\376\377\006\105\006\102\006\057\006\105\006\107}{}% 2
\BOOKMARK [0][-]{chapter.2}{\376\377\006\052\006\055\006\104\006\314\006\104\000\040\006\063\006\314\006\063\006\052\006\105\000\040\006\110\000\040\006\064\006\106\006\047\006\063\006\047\006\314\006\314\000\040\006\047\006\054\006\062\006\047}{}% 3
\BOOKMARK [1][-]{section.2.1}{\376\377\006\052\006\055\006\104\006\314\006\104\000\040\006\063\006\314\006\063\006\052\006\105\000\040\006\055\006\105\006\104\000\040\006\110\000\040\006\106\006\102\006\104\000\040\006\071\006\105\006\110\006\105\006\314\000\040\006\110\000\040\006\064\006\106\006\047\006\063\006\047\006\314\006\314\000\040\006\047\006\054\006\062\006\047}{chapter.2}% 4
\BOOKMARK [1][-]{section.2.2}{\376\377\006\110\006\063\006\314\006\104\006\107\040\014\006\107\006\047\006\314\000\040\006\106\006\102\006\104\006\314\006\107\000\040\006\071\006\105\006\110\006\105\006\314}{chapter.2}% 5
\BOOKMARK [1][-]{section.2.3}{\376\377\006\047\006\314\006\063\006\052\006\257\006\047\006\107\040\014\006\107\006\047\000\040\006\110\000\040\006\176\006\047\006\314\006\047\006\106\006\107\040\014\006\107\006\047}{chapter.2}% 6
\BOOKMARK [1][-]{section.2.4}{\376\377\006\062\006\314\006\061\006\063\006\047\006\056\006\052\040\014\006\107\006\047\006\314\000\040\006\101\006\314\006\062\006\314\006\251\006\314}{chapter.2}% 7
\BOOKMARK [1][-]{section.2.5}{\376\377\006\063\006\314\006\063\006\052\006\105\040\014\006\107\006\047\006\314\000\040\006\047\006\067\006\104\006\047\006\071\006\047\006\052\006\314\000\040\006\110\000\040\006\101\006\106\006\047\006\110\006\061\006\314}{chapter.2}% 8
\BOOKMARK [1][-]{section.2.6}{\376\377\006\106\006\314\006\061\006\110\006\314\000\040\006\047\006\106\006\063\006\047\006\106\006\314}{chapter.2}% 9
\BOOKMARK [0][-]{chapter.3}{\376\377\006\064\006\106\006\047\006\063\006\047\006\314\006\314\000\040\006\110\000\040\006\052\006\055\006\104\006\314\006\104\000\040\006\061\006\314\006\063\006\251\040\014\006\107\006\047}{}% 10
\BOOKMARK [1][-]{section.3.1}{\376\377\006\064\006\106\006\047\006\063\006\047\006\314\006\314\000\040\006\061\006\314\006\063\006\251\040\014\006\107\006\047}{chapter.3}% 11
\BOOKMARK [2][-]{subsection.3.1.1}{\376\377\006\061\006\314\006\063\006\251\040\014\006\107\006\047\006\314\000\040\006\057\006\047\006\056\006\104\006\314}{section.3.1}% 12
\BOOKMARK [2][-]{subsection.3.1.2}{\376\377\006\061\006\314\006\063\006\251\040\014\006\107\006\047\006\314\000\040\006\105\006\055\006\314\006\067\006\314}{section.3.1}% 13
\BOOKMARK [1][-]{section.3.2}{\376\377\006\052\006\054\006\062\006\314\006\107\000\040\006\110\000\040\006\052\006\055\006\104\006\314\006\104\000\040\006\057\006\061\006\056\006\052\000\040\006\056\006\067\006\047\000\040\000\050\000F\000T\000A\000\051\000\040\006\057\006\061\000\040\006\063\006\314\006\063\006\052\006\105\000\040\006\055\006\105\006\104\000\040\006\110\000\040\006\106\006\102\006\104\000\040\006\071\006\105\006\110\006\105\006\314}{chapter.3}% 14
\BOOKMARK [2][-]{subsection.3.2.1}{\376\377\006\063\006\047\006\056\006\052\006\047\006\061\000\040\006\057\006\061\006\056\006\052\000\040\006\056\006\067\006\047}{section.3.2}% 15
\BOOKMARK [1][-]{section.3.3}{\376\377\006\105\006\057\006\104\006\063\006\047\006\062\006\314\000\040\006\061\006\314\006\047\006\066\006\314}{chapter.3}% 16
\BOOKMARK [0][-]{chapter.4}{\376\377\006\106\006\052\006\314\006\054\006\107\040\014\006\257\006\314\006\061\006\314}{}% 17
\BOOKMARK [1][-]{section.4.1}{\376\377\006\176\006\314\006\064\006\106\006\107\006\047\006\057\006\047\006\052\000\040\006\050\006\061\006\047\006\314\000\040\006\050\006\107\006\050\006\110\006\057}{chapter.4}% 18
\BOOKMARK [2][-]{subsection.4.1.1}{\376\377\006\050\006\107\006\050\006\110\006\057\000\040\006\106\006\257\006\107\006\057\006\047\006\061\006\314\000\040\006\110\000\040\006\052\006\071\006\105\006\314\006\061\006\047\006\052\000:}{section.4.1}% 19
\BOOKMARK [2][-]{subsection.4.1.2}{\376\377\006\042\006\105\006\110\006\062\006\064\000\040\006\110\000\040\006\052\006\110\006\063\006\071\006\107\000\040\006\106\006\314\006\061\006\110\006\314\000\040\006\251\006\047\006\061\000:}{section.4.1}% 20
\BOOKMARK [2][-]{subsection.4.1.3}{\376\377\006\050\006\061\006\106\006\047\006\105\006\107\006\061\006\314\006\062\006\314\000\040\006\251\006\047\006\061\006\042\006\105\006\057\000:}{section.4.1}% 21
\BOOKMARK [2][-]{subsection.4.1.4}{\376\377\006\105\006\057\006\314\006\061\006\314\006\052\000\040\006\064\006\061\006\047\006\314\006\067\000\040\006\105\006\055\006\314\006\067\006\314\000:}{section.4.1}% 22
\BOOKMARK [0][-]{chapter*.8}{\376\377\006\251\006\052\006\047\006\050\040\014\006\106\006\047\006\105\006\107}{}% 23
